[3546.83] SCRIPT INIT OK
[3547.73] Combo START target=npc_dota_hero_earthshaker
[3547.73] Ally SELECT=npc_dota_hero_largo
[3547.73] STATE0: dist=703.4 rolling=true canRoll=true blink=true preferRoll=true holding=true
[3547.77] GRIP: ally unlocked
[3547.77] STATE0: dist=697.1 rolling=true canRoll=true blink=true preferRoll=true holding=true
[3547.80] GRIP: ally unlocked
[3547.80] STATE0: dist=691.0 rolling=true canRoll=true blink=true preferRoll=true holding=true
[3547.83] GRIP: ally unlocked
[3547.83] STATE0: dist=684.9 rolling=true canRoll=true blink=true preferRoll=true holding=true
[3547.87] GRIP: ally unlocked
[3547.87] STATE0: dist=679.0 rolling=true canRoll=true blink=true preferRoll=true holding=true
[3547.90] GRIP: ally unlocked
[3547.90] STATE0: dist=673.2 rolling=true canRoll=true blink=true preferRoll=true holding=true
[3547.93] GRIP: ally unlocked
[3547.93] STATE0: dist=667.4 rolling=true canRoll=true blink=true preferRoll=true holding=true
[3547.97] GRIP: ally unlocked
[3547.97] STATE0: dist=661.8 rolling=true canRoll=true blink=true preferRoll=true holding=true
[3548.00] GRIP: ally unlocked
[3548.00] STATE0: dist=656.3 rolling=true canRoll=true blink=true preferRoll=true holding=true
[3548.03] GRIP: ally unlocked
[3548.03] STATE0: dist=651.0 rolling=true canRoll=true blink=true preferRoll=true holding=true
[3548.07] GRIP: ally unlocked
[3548.07] STATE0: dist=645.7 rolling=true canRoll=true blink=true preferRoll=true holding=true
[3548.10] GRIP: ally unlocked
[3548.10] STATE0: dist=640.6 rolling=true canRoll=true blink=true preferRoll=true holding=true
[3548.13] GRIP: ally unlocked
[3548.13] STATE0: dist=635.6 rolling=true canRoll=true blink=true preferRoll=true holding=true
[3548.17] GRIP: ally unlocked
[3548.17] STATE0: dist=630.7 rolling=true canRoll=true blink=true preferRoll=true holding=true
[3548.20] GRIP: ally unlocked
[3548.20] STATE0: dist=626.0 rolling=true canRoll=true blink=true preferRoll=true holding=true
[3548.23] GRIP: ally unlocked
[3548.23] STATE0: dist=621.4 rolling=true canRoll=true blink=true preferRoll=true holding=true
[3548.27] GRIP: ally unlocked
[3548.27] STATE0: dist=617.0 rolling=true canRoll=true blink=true preferRoll=true holding=true
[3548.30] GRIP: ally unlocked
[3548.30] STATE0: dist=622.7 rolling=true canRoll=true blink=true preferRoll=true holding=true
[3548.33] GRIP: ally unlocked
[3548.33] STATE0: dist=617.9 rolling=true canRoll=true blink=true preferRoll=true holding=true
[3548.37] GRIP: ally unlocked
[3548.47] Combo START target=npc_dota_hero_earthshaker
[3548.47] Ally SELECT=npc_dota_hero_largo
[3548.47] STATE0: dist=617.0 rolling=true canRoll=true blink=true preferRoll=true holding=true
[3548.50] GRIP: ally unlocked
[3548.50] STATE0: dist=617.0 rolling=true canRoll=true blink=true preferRoll=true holding=true
[3548.53] GRIP: ally unlocked
[3548.67] Combo START target=npc_dota_hero_earthshaker
[3548.67] Ally SELECT=npc_dota_hero_largo
[3548.67] STATE0: dist=617.0 rolling=true canRoll=true blink=true preferRoll=true holding=true
[3548.70] GRIP: ally unlocked
[3548.70] STATE0: dist=617.0 rolling=true canRoll=true blink=true preferRoll=true holding=true
[3548.73] GRIP: ally unlocked
[3548.73] STATE0: dist=617.0 rolling=true canRoll=true blink=true preferRoll=true holding=true
[3548.77] GRIP: ally unlocked
[3548.87] Combo START target=npc_dota_hero_earthshaker
[3548.87] Ally SELECT=npc_dota_hero_largo
[3548.87] STATE0: dist=617.0 rolling=true canRoll=true blink=true preferRoll=true holding=true
[3548.90] GRIP: ally unlocked
[3548.90] STATE0: dist=617.0 rolling=true canRoll=true blink=true preferRoll=true holding=true
[3548.93] GRIP: ally unlocked
[3548.93] STATE0: dist=617.0 rolling=true canRoll=true blink=true preferRoll=true holding=true
[3548.97] GRIP: ally unlocked
[3548.97] STATE0: dist=617.0 rolling=true canRoll=true blink=true preferRoll=true holding=true
[3549.00] GRIP: ally unlocked
[3549.33] Combo START target=npc_dota_hero_earthshaker
[3549.33] Ally SELECT=npc_dota_hero_largo
[3549.33] STATE0: dist=617.0 rolling=true canRoll=true blink=true preferRoll=true holding=true
[3549.37] GRIP: ally unlocked
[3549.37] STATE0: dist=617.0 rolling=true canRoll=true blink=true preferRoll=true holding=true
[3549.40] GRIP: ally unlocked
[3549.40] STATE0: dist=617.0 rolling=true canRoll=true blink=true preferRoll=true holding=true
[3549.43] GRIP: ally unlocked
[3549.53] Combo START target=npc_dota_hero_earthshaker
[3549.53] Ally SELECT=npc_dota_hero_largo
[3549.53] STATE0: dist=617.0 rolling=true canRoll=true blink=true preferRoll=true holding=true
[3549.57] GRIP: ally unlocked
[3549.57] STATE0: dist=617.0 rolling=true canRoll=true blink=true preferRoll=true holding=true
[3549.60] GRIP: ally unlocked
[3549.73] Combo START target=npc_dota_hero_earthshaker
[3549.73] Ally SELECT=npc_dota_hero_largo
[3549.73] STATE0: dist=617.0 rolling=true canRoll=true blink=true preferRoll=true holding=true
[3549.77] GRIP: ally unlocked
[3549.77] STATE0: dist=617.0 rolling=true canRoll=true blink=true preferRoll=true holding=true
[3549.80] GRIP: ally unlocked
[3549.80] STATE0: dist=617.0 rolling=true canRoll=true blink=true preferRoll=true holding=true
[3549.83] GRIP: ally unlocked
[3647.20] SCRIPT INIT OK
[3648.80] Combo START target=npc_dota_hero_earthshaker
[3648.80] Ally SELECT=npc_dota_hero_largo
[3648.80] STATE0: dist=859.0 rolling=true canRoll=true blink=true preferRoll=true holding=true
[3648.83] GRIP: ally unlocked
[3648.83] STATE0: dist=859.0 rolling=true canRoll=true blink=true preferRoll=true holding=true
[3648.87] GRIP: ally unlocked
[3648.87] STATE0: dist=859.0 rolling=true canRoll=true blink=true preferRoll=true holding=true
[3648.90] GRIP: ally unlocked
[3648.90] STATE0: dist=859.0 rolling=true canRoll=true blink=true preferRoll=true holding=true
[3648.93] GRIP: ally unlocked
[3648.93] STATE0: dist=859.0 rolling=true canRoll=true blink=true preferRoll=true holding=true
[3648.97] GRIP: ally unlocked
[3648.97] STATE0: dist=859.0 rolling=true canRoll=true blink=true preferRoll=true holding=true
[3649.00] GRIP: ally unlocked
[3649.00] STATE0: dist=859.0 rolling=true canRoll=true blink=true preferRoll=true holding=true
[3649.03] GRIP: ally unlocked
[3649.03] STATE0: dist=859.0 rolling=true canRoll=true blink=true preferRoll=true holding=true
[3649.07] GRIP: ally unlocked
[3649.07] STATE0: dist=859.0 rolling=true canRoll=true blink=true preferRoll=true holding=true
[3649.10] GRIP: ally unlocked
[3649.10] STATE0: dist=859.0 rolling=true canRoll=true blink=true preferRoll=true holding=true
[3649.13] GRIP: ally unlocked
[3649.13] STATE0: dist=859.0 rolling=true canRoll=true blink=true preferRoll=true holding=true
[3649.17] GRIP: ally unlocked
[3649.17] STATE0: dist=859.0 rolling=true canRoll=true blink=true preferRoll=true holding=true
[3649.20] GRIP: ally unlocked
[3649.20] STATE0: dist=859.0 rolling=true canRoll=true blink=true preferRoll=true holding=true
[3649.23] GRIP: ally unlocked
[3649.23] STATE0: dist=859.0 rolling=true canRoll=true blink=true preferRoll=true holding=true
[3649.27] GRIP: ally unlocked
[3649.27] STATE0: dist=859.0 rolling=true canRoll=true blink=true preferRoll=true holding=true
[3649.30] GRIP: ally unlocked
[3649.30] STATE0: dist=859.0 rolling=true canRoll=true blink=true preferRoll=true holding=true
[3649.33] GRIP: ally unlocked
[3649.33] STATE0: dist=859.0 rolling=true canRoll=true blink=true preferRoll=true holding=true
[3649.37] GRIP: ally unlocked
[3649.37] STATE0: dist=859.0 rolling=true canRoll=true blink=true preferRoll=true holding=true
[3649.40] GRIP: ally unlocked
[3649.40] STATE0: dist=859.0 rolling=true canRoll=true blink=true preferRoll=true holding=true
[3649.43] GRIP: ally unlocked
[3649.53] Combo START target=npc_dota_hero_earthshaker
[3649.53] Ally SELECT=npc_dota_hero_largo
[3649.53] STATE0: dist=859.0 rolling=true canRoll=true blink=true preferRoll=true holding=true
[3649.57] GRIP: ally unlocked
[3649.57] STATE0: dist=859.0 rolling=true canRoll=true blink=true preferRoll=true holding=true
[3649.60] GRIP: ally unlocked
[3649.60] STATE0: dist=859.0 rolling=true canRoll=true blink=true preferRoll=true holding=true
[3649.63] GRIP: ally unlocked
[3649.77] Combo START target=npc_dota_hero_earthshaker
[3649.77] Ally SELECT=npc_dota_hero_largo
[3649.77] STATE0: dist=859.0 rolling=true canRoll=true blink=true preferRoll=true holding=true
[3649.80] GRIP: ally unlocked
[3649.80] STATE0: dist=859.0 rolling=true canRoll=true blink=true preferRoll=true holding=true
[3649.83] GRIP: ally unlocked
[3649.93] Combo START target=npc_dota_hero_earthshaker
[3649.93] Ally SELECT=npc_dota_hero_largo
[3649.93] STATE0: dist=859.0 rolling=true canRoll=true blink=true preferRoll=true holding=true
[3649.97] GRIP: ally unlocked
[3649.97] STATE0: dist=859.0 rolling=true canRoll=true blink=true preferRoll=true holding=true
[3650.00] GRIP: ally unlocked
[3650.10] Combo START target=npc_dota_hero_earthshaker
[3650.10] Ally SELECT=npc_dota_hero_largo
[3650.10] STATE0: dist=859.0 rolling=true canRoll=true blink=true preferRoll=true holding=true
[3650.13] GRIP: ally unlocked
[3650.13] STATE0: dist=859.0 rolling=true canRoll=true blink=true preferRoll=true holding=true
[3650.17] GRIP: ally unlocked
[3650.27] Combo START target=npc_dota_hero_earthshaker
[3650.27] Ally SELECT=npc_dota_hero_largo
[3650.27] STATE0: dist=859.0 rolling=true canRoll=true blink=true preferRoll=true holding=true
[3650.30] GRIP: ally unlocked
[3650.30] STATE0: dist=859.0 rolling=true canRoll=true blink=true preferRoll=true holding=true
[3650.33] GRIP: ally unlocked
[3650.33] STATE0: dist=859.0 rolling=true canRoll=true blink=true preferRoll=true holding=true
[3650.37] GRIP: ally unlocked
[3667.33] SCRIPT INIT OK
[3675.93] Combo START target=npc_dota_hero_earthshaker
[3675.93] Ally SELECT=npc_dota_hero_largo
[3675.93] STATE0: dist=880.7 rolling=true canRoll=true blink=true preferRoll=true holding=true
[3675.93] STATE0 ROLL prefer target=(-2137,1466) travel=881
[3675.97] GRIP: ally unlocked
[3676.00] GRIP: ally unlocked
[3676.03] GRIP: ally unlocked
[3676.03] STATE1 ENTER (now=3676.03 combo_time=3676.01)
[3676.03] STATE1 -> 2 (next at 3676.15)
[3676.07] GRIP: ally unlocked
[3676.10] GRIP: ally unlocked
[3676.13] GRIP: ally unlocked
[3676.17] GRIP: ally unlocked
[3676.17] STATE2 ENTER (now=3676.17 combo_time=3676.15)
[3676.17] STATE2 LINKEN BREAKER cast no inimigo
[3676.20] GRIP: ally unlocked
[3676.23] GRIP: ally unlocked
[3676.27] GRIP: ally unlocked
[3676.30] GRIP: ally unlocked
[3676.33] GRIP: ally unlocked
[3676.37] GRIP: ally unlocked
[3676.40] GRIP: ally unlocked
[3676.43] GRIP: ally unlocked
[3676.47] GRIP: ally unlocked
[3676.50] GRIP: ally unlocked
[3676.53] GRIP: ally unlocked
[3676.57] GRIP: ally unlocked
[3676.57] STATE2 ENTER (now=3676.57 combo_time=3676.57)
[3676.57] STATE2 LINKEN BREAKER cast no inimigo
[3676.60] GRIP: ally unlocked
[3676.63] GRIP: ally unlocked
[3676.67] GRIP: ally unlocked
[3676.70] GRIP: ally unlocked
[3676.73] GRIP: ally unlocked
[3676.77] GRIP: ally unlocked
[3676.80] GRIP: ally unlocked
[3676.83] GRIP: ally unlocked
[3676.87] GRIP: ally unlocked
[3676.90] GRIP: ally unlocked
[3676.93] GRIP: ally unlocked
[3676.97] GRIP: ally unlocked
[3677.00] GRIP: ally unlocked
[3677.00] STATE2 ENTER (now=3677.00 combo_time=3676.97)
[3677.00] STATE2 LINKEN BREAKER cast no inimigo
[3677.03] GRIP: ally unlocked
[3677.07] GRIP: ally unlocked
[3677.10] GRIP: ally unlocked
[3677.13] GRIP: ally unlocked
[3677.17] GRIP: ally unlocked
[3677.20] GRIP: ally unlocked
[3677.23] GRIP: ally unlocked
[3677.27] GRIP: ally unlocked
[3677.30] GRIP: ally unlocked
[3677.33] GRIP: ally unlocked
[3677.37] GRIP: ally unlocked
[3677.40] GRIP: ally unlocked
[3677.43] GRIP: ally unlocked
[3677.43] STATE2 ENTER (now=3677.43 combo_time=3677.40)
[3677.43] SMASH cast dir=(0.92,-0.39) enemy=npc_dota_hero_earthshaker ally=npc_dota_hero_largo
[3677.47] GRIP: ally unlocked
[3677.50] GRIP: ally unlocked
[3677.50] STATE2 ENTER (now=3677.50 combo_time=3677.48)
[3677.50] STATE2 smash TryCast locked (delay timer) - SEM RETREAT
[3677.50] STATE2 -> 0
[3677.53] GRIP: ally unlocked
[3677.53] STATE0: dist=80.0 rolling=true canRoll=false blink=true preferRoll=true holding=true
[3677.53] STATE0 FAST_SMASH dir=(0.92,-0.39) dist=80.0
[3677.57] GRIP: ally unlocked
[3677.60] GRIP: ally unlocked
[3677.63] GRIP: ally unlocked
[3677.67] GRIP: ally unlocked
[3677.70] GRIP: ally unlocked
[3677.70] STATE2 ENTER (now=3677.70 combo_time=3677.68)
[3677.70] STATE2 smash not castable (cd/mana)
[3677.70] STATE2 -> 0
[3677.73] GRIP: ally unlocked
[3677.73] STATE0: dist=220.2 rolling=true canRoll=false blink=true preferRoll=true holding=true
[3677.73] STATE0 CHASE (no abilities in range)
[3677.77] GRIP: ally unlocked
[3677.77] STATE0: dist=249.6 rolling=true canRoll=false blink=true preferRoll=true holding=true
[3677.77] STATE0 CHASE (no abilities in range)
[3677.80] GRIP: ally unlocked
[3677.80] STATE0: dist=279.2 rolling=true canRoll=false blink=true preferRoll=true holding=true
[3677.80] STATE0 CHASE (no abilities in range)
[3677.83] GRIP: ally unlocked
[3677.83] STATE0: dist=298.6 rolling=true canRoll=false blink=true preferRoll=true holding=true
[3677.83] STATE0 CHASE (no abilities in range)
[3677.87] GRIP: ally unlocked
[3677.87] STATE0: dist=317.9 rolling=true canRoll=false blink=true preferRoll=true holding=true
[3677.87] STATE0 CHASE (no abilities in range)
[3677.90] GRIP: ally unlocked
[3677.90] STATE0: dist=337.4 rolling=true canRoll=false blink=true preferRoll=true holding=true
[3677.90] STATE0 CHASE (no abilities in range)
[3677.93] GRIP: ally unlocked
[3677.93] STATE0: dist=356.9 rolling=true canRoll=false blink=true preferRoll=true holding=true
[3677.93] STATE0 CHASE (no abilities in range)
[3677.97] GRIP: ally unlocked
[3677.97] STATE0: dist=376.6 rolling=true canRoll=false blink=true preferRoll=true holding=true
[3677.97] STATE0 CHASE (no abilities in range)
[3678.00] GRIP: ally unlocked
[3678.00] STATE0: dist=396.1 rolling=true canRoll=false blink=true preferRoll=true holding=true
[3678.00] STATE0 CHASE (no abilities in range)
[3678.03] GRIP: ally unlocked
[3678.03] STATE0: dist=415.9 rolling=true canRoll=false blink=true preferRoll=true holding=true
[3678.03] STATE0 CHASE (no abilities in range)
[3678.07] GRIP: ally unlocked
[3678.07] STATE0: dist=435.5 rolling=true canRoll=false blink=true preferRoll=true holding=true
[3678.07] STATE0 CHASE (no abilities in range)
[3678.10] GRIP: ally unlocked
[3699.63] Config saved on game end
[3699.63] Config saved on game end
[472.26] Config saved on game end
[472.26] Config saved on game end
